# JRE version: Java(TM) SE Runtime Environment (8.0_92-b14) (build 1.8.0_92-b14)
# Java VM: Java HotSpot(TM) 64-Bit Server VM (25.92-b14 mixed mode bsd-amd64 compressed oops)
Heap:
 PSYoungGen      total 176128K, used 164279K [0x00000007b0000000, 0x00000007c0000000, 0x00000007c0000000)
  eden space 153600K, 92% used [0x00000007b0000000,0x00000007b8ae1068,0x00000007b9600000)
  from space 22528K, 97% used [0x00000007b9600000,0x00000007bab8ce90,0x00000007bac00000)
  to   space 54784K, 0% used [0x00000007bca80000,0x00000007bca80000,0x00000007c0000000)
 ParOldGen       total 524288K, used 193108K [0x0000000790000000, 0x00000007b0000000, 0x00000007b0000000)
  object space 524288K, 36% used [0x0000000790000000,0x000000079bc951c8,0x00000007b0000000)
 Metaspace       used 90762K, capacity 96798K, committed 96984K, reserved 1132544K
  class space    used 11451K, capacity 13016K, committed 13016K, reserved 1048576K
GC Heap History (10 events):
Event: 556.101 GC heap before
{Heap before GC invocations=56 (full 3):
 PSYoungGen      total 205824K, used 188120K [0x00000007b0000000, 0x00000007c0000000, 0x00000007c0000000)
  eden space 148480K, 100% used [0x00000007b0000000,0x00000007b9100000,0x00000007b9100000)
  from space 57344K, 69% used [0x00000007bc800000,0x00000007beeb61b8,0x00000007c0000000)
  to   space 56320K, 0% used [0x00000007b9100000,0x00000007b9100000,0x00000007bc800000)
 ParOldGen       total 524288K, used 170815K [0x0000000790000000, 0x00000007b0000000, 0x00000007b0000000)
  object space 524288K, 32% used [0x0000000790000000,0x000000079a6cffa0,0x00000007b0000000)
 Metaspace       used 88373K, capacity 94266K, committed 94552K, reserved 1130496K
  class space    used 11291K, capacity 12829K, committed 12888K, reserved 1048576K
Event: 557.953 GC heap after
Heap after GC invocations=56 (full 3):
 PSYoungGen      total 204800K, used 39649K [0x00000007b0000000, 0x00000007c0000000, 0x00000007c0000000)
  eden space 148480K, 0% used [0x00000007b0000000,0x00000007b0000000,0x00000007b9100000)
  from space 56320K, 70% used [0x00000007b9100000,0x00000007bb7b85e0,0x00000007bc800000)
  to   space 55296K, 0% used [0x00000007bca00000,0x00000007bca00000,0x00000007c0000000)
 ParOldGen       total 524288K, used 174029K [0x0000000790000000, 0x00000007b0000000, 0x00000007b0000000)
  object space 524288K, 33% used [0x0000000790000000,0x000000079a9f35e8,0x00000007b0000000)
 Metaspace       used 88373K, capacity 94266K, committed 94552K, reserved 1130496K
  class space    used 11291K, capacity 12829K, committed 12888K, reserved 1048576K
}
Event: 593.446 GC heap before
{Heap before GC invocations=57 (full 3):
 PSYoungGen      total 204800K, used 188129K [0x00000007b0000000, 0x00000007c0000000, 0x00000007c0000000)
  eden space 148480K, 100% used [0x00000007b0000000,0x00000007b9100000,0x00000007b9100000)
  from space 56320K, 70% used [0x00000007b9100000,0x00000007bb7b85e0,0x00000007bc800000)
  to   space 55296K, 0% used [0x00000007bca00000,0x00000007bca00000,0x00000007c0000000)
 ParOldGen       total 524288K, used 174029K [0x0000000790000000, 0x00000007b0000000, 0x00000007b0000000)
  object space 524288K, 33% used [0x0000000790000000,0x000000079a9f35e8,0x00000007b0000000)
 Metaspace       used 88637K, capacity 94560K, committed 94808K, reserved 1130496K
  class space    used 11307K, capacity 12847K, committed 12888K, reserved 1048576K
Event: 594.242 GC heap after
Heap after GC invocations=57 (full 3):
 PSYoungGen      total 208384K, used 35986K [0x00000007b0000000, 0x00000007c0000000, 0x00000007c0000000)
  eden space 153088K, 0% used [0x00000007b0000000,0x00000007b0000000,0x00000007b9580000)
  from space 55296K, 65% used [0x00000007bca00000,0x00000007bed249a8,0x00000007c0000000)
  to   space 53760K, 0% used [0x00000007b9580000,0x00000007b9580000,0x00000007bca00000)
 ParOldGen       total 524288K, used 178244K [0x0000000790000000, 0x00000007b0000000, 0x00000007b0000000)
  object space 524288K, 33% used [0x0000000790000000,0x000000079ae111d8,0x00000007b0000000)
 Metaspace       used 88637K, capacity 94560K, committed 94808K, reserved 1130496K
  class space    used 11307K, capacity 12847K, committed 12888K, reserved 1048576K
}
Event: 608.817 GC heap before
{Heap before GC invocations=58 (full 3):
 PSYoungGen      total 208384K, used 189074K [0x00000007b0000000, 0x00000007c0000000, 0x00000007c0000000)
  eden space 153088K, 100% used [0x00000007b0000000,0x00000007b9580000,0x00000007b9580000)
  from space 55296K, 65% used [0x00000007bca00000,0x00000007bed249a8,0x00000007c0000000)
  to   space 53760K, 0% used [0x00000007b9580000,0x00000007b9580000,0x00000007bca00000)
 ParOldGen       total 524288K, used 178244K [0x0000000790000000, 0x00000007b0000000, 0x00000007b0000000)
  object space 524288K, 33% used [0x0000000790000000,0x000000079ae111d8,0x00000007b0000000)
 Metaspace       used 88671K, capacity 94610K, committed 94808K, reserved 1130496K
  class space    used 11316K, capacity 12859K, committed 12888K, reserved 1048576K
Event: 609.190 GC heap after
Heap after GC invocations=58 (full 3):
 PSYoungGen      total 206848K, used 25990K [0x00000007b0000000, 0x00000007c0000000, 0x00000007c0000000)
  eden space 153088K, 0% used [0x00000007b0000000,0x00000007b0000000,0x00000007b9580000)
  from space 53760K, 48% used [0x00000007b9580000,0x00000007baee19b8,0x00000007bca00000)
  to   space 54272K, 0% used [0x00000007bcb00000,0x00000007bcb00000,0x00000007c0000000)
 ParOldGen       total 524288K, used 188480K [0x0000000790000000, 0x00000007b0000000, 0x00000007b0000000)
  object space 524288K, 35% used [0x0000000790000000,0x000000079b8100d0,0x00000007b0000000)
 Metaspace       used 88671K, capacity 94610K, committed 94808K, reserved 1130496K
  class space    used 11316K, capacity 12859K, committed 12888K, reserved 1048576K
}
Event: 676.887 GC heap before
{Heap before GC invocations=59 (full 3):
 PSYoungGen      total 206848K, used 179078K [0x00000007b0000000, 0x00000007c0000000, 0x00000007c0000000)
  eden space 153088K, 100% used [0x00000007b0000000,0x00000007b9580000,0x00000007b9580000)
  from space 53760K, 48% used [0x00000007b9580000,0x00000007baee19b8,0x00000007bca00000)
  to   space 54272K, 0% used [0x00000007bcb00000,0x00000007bcb00000,0x00000007c0000000)
 ParOldGen       total 524288K, used 188480K [0x0000000790000000, 0x00000007b0000000, 0x00000007b0000000)
  object space 524288K, 35% used [0x0000000790000000,0x000000079b8100d0,0x00000007b0000000)
 Metaspace       used 90246K, capacity 96220K, committed 96472K, reserved 1132544K
  class space    used 11408K, capacity 12963K, committed 13016K, reserved 1048576K
Event: 677.871 GC heap after
Heap after GC invocations=59 (full 3):
 PSYoungGen      total 207872K, used 22497K [0x00000007b0000000, 0x00000007c0000000, 0x00000007c0000000)
  eden space 153600K, 0% used [0x00000007b0000000,0x00000007b0000000,0x00000007b9600000)
  from space 54272K, 41% used [0x00000007bcb00000,0x00000007be0f8668,0x00000007c0000000)
  to   space 54272K, 0% used [0x00000007b9600000,0x00000007b9600000,0x00000007bcb00000)
 ParOldGen       total 524288K, used 192571K [0x0000000790000000, 0x00000007b0000000, 0x00000007b0000000)
  object space 524288K, 36% used [0x0000000790000000,0x000000079bc0eda0,0x00000007b0000000)
 Metaspace       used 90246K, capacity 96220K, committed 96472K, reserved 1132544K
  class space    used 11408K, capacity 12963K, committed 13016K, reserved 1048576K
}
Event: 692.252 GC heap before
{Heap before GC invocations=60 (full 3):
 PSYoungGen      total 207872K, used 176097K [0x00000007b0000000, 0x00000007c0000000, 0x00000007c0000000)
  eden space 153600K, 100% used [0x00000007b0000000,0x00000007b9600000,0x00000007b9600000)
  from space 54272K, 41% used [0x00000007bcb00000,0x00000007be0f8668,0x00000007c0000000)
  to   space 54272K, 0% used [0x00000007b9600000,0x00000007b9600000,0x00000007bcb00000)
 ParOldGen       total 524288K, used 192571K [0x0000000790000000, 0x00000007b0000000, 0x00000007b0000000)
  object space 524288K, 36% used [0x0000000790000000,0x000000079bc0eda0,0x00000007b0000000)
 Metaspace       used 90290K, capacity 96250K, committed 96472K, reserved 1132544K
  class space    used 11411K, capacity 12968K, committed 13016K, reserved 1048576K
Event: 692.699 GC heap after
Heap after GC invocations=60 (full 3):
 PSYoungGen      total 176128K, used 22067K [0x00000007b0000000, 0x00000007c0000000, 0x00000007c0000000)
  eden space 153600K, 0% used [0x00000007b0000000,0x00000007b0000000,0x00000007b9600000)
  from space 22528K, 97% used [0x00000007b9600000,0x00000007bab8ce90,0x00000007bac00000)
  to   space 54784K, 0% used [0x00000007bca80000,0x00000007bca80000,0x00000007c0000000)
 ParOldGen       total 524288K, used 193108K [0x0000000790000000, 0x00000007b0000000, 0x00000007b0000000)
  object space 524288K, 36% used [0x0000000790000000,0x000000079bc951c8,0x00000007b0000000)
 Metaspace       used 90290K, capacity 96250K, committed 96472K, reserved 1132544K
  class space    used 11411K, capacity 12968K, committed 13016K, reserved 1048576K
}

